#
# There is insufficient memory for the Java Runtime Environment to continue.
# Native memory allocation (mmap) failed to map 58720256 bytes for Failed to commit area from 0x00000000c9400000 to 0x00000000ccc00000 of length 58720256.
# Possible reasons:
#   The system is out of physical RAM or swap space
#   The process is running with CompressedOops enabled, and the Java Heap may be blocking the growth of the native heap
# Possible solutions:
#   Reduce memory load on the system
#   Increase physical memory or swap space
#   Check if swap backing store is full
#   Decrease Java heap size (-Xmx/-Xms)
#   Decrease number of Java threads
#   Decrease Java thread stack sizes (-Xss)
#   Set larger code cache with -XX:ReservedCodeCacheSize=
# This output file may be truncated or incomplete.
#
#  Out of Memory Error (t:/workspace/open/src/hotspot/os/windows/os_windows.cpp:3301), pid=12708, tid=15540
#
# JRE version:  (13.0.2+8) (build )
# Java VM: Java HotSpot(TM) 64-Bit Server VM (13.0.2+8, mixed mode, sharing, tiered, compressed oops, g1 gc, windows-amd64)
# No core dump will be written. Minidumps are not enabled by default on client versions of Windows
#

---------------  S U M M A R Y ------------

Command Line: -agentlib:jdwp=transport=dt_socket,server=n,address=51779 Caso1.Principal

Host: AMD Ryzen 3 3250U with Radeon Graphics         , 4 cores, 3G,  Windows 10 , 64 bit Build 22000 (10.0.22000.434)
Time: Sun Feb 27 23:18:11 2022 Central America Standard Time elapsed time: 0 seconds (0d 0h 0m 0s)

---------------  T H R E A D  ---------------

Current thread (0x0000023db2dc0000):  JavaThread "Unknown thread" [_thread_in_vm, id=15540, stack(0x0000005103400000,0x0000005103500000)]

Stack: [0x0000005103400000,0x0000005103500000]
Native frames: (J=compiled Java code, j=interpreted, Vv=VM code, C=native code)
V  [jvm.dll+0x624f9a]
V  [jvm.dll+0x770cfa]
V  [jvm.dll+0x7724af]
V  [jvm.dll+0x772ab3]
V  [jvm.dll+0x24bf08]
V  [jvm.dll+0x6222aa]
V  [jvm.dll+0x6170b5]
V  [jvm.dll+0x30a88c]
V  [jvm.dll+0x30a6c2]
V  [jvm.dll+0x30fe36]
V  [jvm.dll+0x353f46]
V  [jvm.dll+0x353720]
V  [jvm.dll+0x2e550a]
V  [jvm.dll+0x2e67a2]
V  [jvm.dll+0x74dd78]
V  [jvm.dll+0x361989]
V  [jvm.dll+0x730e65]
V  [jvm.dll+0x3cc53f]
V  [jvm.dll+0x3ce861]
C  [jli.dll+0x51ff]
C  [ucrtbase.dll+0x26c0c]
C  [KERNEL32.DLL+0x154e0]
C  [ntdll.dll+0x485b]


---------------  P R O C E S S  ---------------

Threads class SMR info:
_java_thread_list=0x00007ff84443ccb8, length=0, elements={
}

Java Threads: ( => current thread )

Other Threads:
  0x0000023db2df0000 GCTaskThread "GC Thread#0" [stack: 0x0000005103500000,0x0000005103600000] [id=16264]
  0x0000023db2df9800 ConcurrentGCThread "G1 Main Marker" [stack: 0x0000005103600000,0x0000005103700000] [id=18200]
  0x0000023db2dfb800 ConcurrentGCThread "G1 Conc#0" [stack: 0x0000005103700000,0x0000005103800000] [id=11676]

[error occurred during error reporting (printing all threads), id 0xc0000005, EXCEPTION_ACCESS_VIOLATION (0xc0000005) at pc=0x00007ff843c751d7]

VM state:not at safepoint (not fully initialized)

VM Mutex/Monitor currently owned by a thread:  ([mutex/lock_event])
[0x0000023db2dbcb60] Heap_lock - owner thread: 0x0000023db2dc0000

Heap address: 0x00000000c9400000, size: 876 MB, Compressed Oops mode: Non-zero based: 0x00000000c9400000
Narrow klass base: 0x0000000000000000, Narrow klass shift: 0

GC Heap History (0 events):
No events

Deoptimization events (0 events):
No events

Classes unloaded (0 events):
No events

Classes redefined (0 events):
No events

Internal exceptions (0 events):
No events

Events (2 events):
Event: 0.014 Loaded shared library C:\Program Files\Java\jdk-13.0.2\bin\zip.dll
Event: 0.014 Loaded shared library C:\Program Files\Java\jdk-13.0.2\bin\jimage.dll


Dynamic libraries:
0x00007ff697070000 - 0x00007ff69707f000 	C:\Program Files\Java\jdk-13.0.2\bin\java.exe
0x00007ff8b33a0000 - 0x00007ff8b35a9000 	C:\WINDOWS\SYSTEM32\ntdll.dll
0x00007ff8b21b0000 - 0x00007ff8b226d000 	C:\WINDOWS\System32\KERNEL32.DLL
0x00007ff8b0890000 - 0x00007ff8b0c04000 	C:\WINDOWS\System32\KERNELBASE.dll
0x00007ff8b0c90000 - 0x00007ff8b0da1000 	C:\WINDOWS\System32\ucrtbase.dll
0x00007ff8ad900000 - 0x00007ff8ad915000 	C:\Program Files\Java\jdk-13.0.2\bin\VCRUNTIME140.dll
0x00007ff89b500000 - 0x00007ff89b518000 	C:\Program Files\Java\jdk-13.0.2\bin\jli.dll
0x00007ff8b2a70000 - 0x00007ff8b2b1e000 	C:\WINDOWS\System32\ADVAPI32.dll
0x00007ff8b1f20000 - 0x00007ff8b1fc3000 	C:\WINDOWS\System32\msvcrt.dll
0x00007ff8b1e80000 - 0x00007ff8b1f1e000 	C:\WINDOWS\System32\sechost.dll
0x00007ff8b3240000 - 0x00007ff8b3360000 	C:\WINDOWS\System32\RPCRT4.dll
0x00007ff8b2b20000 - 0x00007ff8b2ccc000 	C:\WINDOWS\System32\USER32.dll
0x00007ff8b1210000 - 0x00007ff8b1236000 	C:\WINDOWS\System32\win32u.dll
0x00007ff8b1a70000 - 0x00007ff8b1a99000 	C:\WINDOWS\System32\GDI32.dll
0x00007ff8b10f0000 - 0x00007ff8b1202000 	C:\WINDOWS\System32\gdi32full.dll
0x00007ff8b0db0000 - 0x00007ff8b0e4d000 	C:\WINDOWS\System32\msvcp_win.dll
0x00007ff89ba90000 - 0x00007ff89bd35000 	C:\WINDOWS\WinSxS\amd64_microsoft.windows.common-controls_6595b64144ccf1df_6.0.22000.120_none_9d947278b86cc467\COMCTL32.dll
0x00007ff8a8570000 - 0x00007ff8a857a000 	C:\WINDOWS\SYSTEM32\VERSION.dll
0x00007ff8b25c0000 - 0x00007ff8b25f1000 	C:\WINDOWS\System32\IMM32.DLL
0x00007ff89b0e0000 - 0x00007ff89b17b000 	C:\Program Files\Java\jdk-13.0.2\bin\msvcp140.dll
0x00007ff843980000 - 0x00007ff8444dd000 	C:\Program Files\Java\jdk-13.0.2\bin\server\jvm.dll
0x00007ff8b2e40000 - 0x00007ff8b2e48000 	C:\WINDOWS\System32\PSAPI.DLL
0x00007ff8aaf30000 - 0x00007ff8aaf63000 	C:\WINDOWS\SYSTEM32\WINMM.dll
0x00007ff8add00000 - 0x00007ff8add09000 	C:\WINDOWS\SYSTEM32\WSOCK32.dll
0x00007ff8b1fd0000 - 0x00007ff8b203f000 	C:\WINDOWS\System32\WS2_32.dll
0x00007ff8af990000 - 0x00007ff8af9a8000 	C:\WINDOWS\SYSTEM32\kernel.appcore.dll
0x00007ff8ad9d0000 - 0x00007ff8ad9e0000 	C:\Program Files\Java\jdk-13.0.2\bin\verify.dll
0x00007ff89c830000 - 0x00007ff89ca51000 	C:\WINDOWS\SYSTEM32\DBGHELP.DLL
0x00007ff895120000 - 0x00007ff895151000 	C:\WINDOWS\SYSTEM32\dbgcore.DLL
0x00007ff8b0c10000 - 0x00007ff8b0c8f000 	C:\WINDOWS\System32\bcryptPrimitives.dll
0x00007ff8ad840000 - 0x00007ff8ad866000 	C:\Program Files\Java\jdk-13.0.2\bin\java.dll
0x00007ff89a940000 - 0x00007ff89a978000 	C:\Program Files\Java\jdk-13.0.2\bin\jdwp.dll
0x00007ff8ad610000 - 0x00007ff8ad627000 	C:\Program Files\Java\jdk-13.0.2\bin\zip.dll
0x00007ff8ad960000 - 0x00007ff8ad96a000 	C:\Program Files\Java\jdk-13.0.2\bin\jimage.dll

dbghelp: loaded successfully - version: 4.0.5 - missing functions: none
symbol engine: initialized successfully - sym options: 0x614 - pdb path: .;C:\Program Files\Java\jdk-13.0.2\bin;C:\WINDOWS\SYSTEM32;C:\WINDOWS\WinSxS\amd64_microsoft.windows.common-controls_6595b64144ccf1df_6.0.22000.120_none_9d947278b86cc467;C:\Program Files\Java\jdk-13.0.2\bin\server

VM Arguments:
jvm_args: -agentlib:jdwp=transport=dt_socket,server=n,address=51779 
java_command: Caso1.Principal
java_class_path (initial): C:\Users\moig1\OneDrive\Documents\NetBeansProjects\BasesIIJava\target\classes;C:\Users\moig1\.m2\repository\com\microsoft\sqlserver\mssql-jdbc\8.2.1.jre11\mssql-jdbc-8.2.1.jre11.jar;C:\Users\moig1\.m2\repository\org\hibernate\hibernate-core\5.4.12.Final\hibernate-core-5.4.12.Final.jar;C:\Users\moig1\.m2\repository\org\jboss\logging\jboss-logging\3.3.2.Final\jboss-logging-3.3.2.Final.jar;C:\Users\moig1\.m2\repository\javax\persistence\javax.persistence-api\2.2\javax.persistence-api-2.2.jar;C:\Users\moig1\.m2\repository\org\javassist\javassist\3.24.0-GA\javassist-3.24.0-GA.jar;C:\Users\moig1\.m2\repository\net\bytebuddy\byte-buddy\1.10.7\byte-buddy-1.10.7.jar;C:\Users\moig1\.m2\repository\antlr\antlr\2.7.7\antlr-2.7.7.jar;C:\Users\moig1\.m2\repository\org\jboss\spec\javax\transaction\jboss-transaction-api_1.2_spec\1.1.1.Final\jboss-transaction-api_1.2_spec-1.1.1.Final.jar;C:\Users\moig1\.m2\repository\org\jboss\jandex\2.1.1.Final\jandex-2.1.1.Final.jar;C:\Users\moig1\.m2\repository\com\fasterxml\classmate\1.5.1\classmate-1.5.1.jar;C:\Users\moig1\.m2\repository\javax\activation\javax.activation-api\1.2.0\javax.activation-api-1.2.0.jar;C:\Users\moig1\.m2\repository\org\dom4j\dom4j\2.1.1\dom4j-2.1.1.jar;C:\Users\moig1\.m2\repository\org\hibernate\common\hibernate-commons-annotations\5.1.0.Final\hibernate-commons-annotations-5.1.0.Final.jar;C:\Users\moig1\.m2\repository\javax\xml\bind\jaxb-api\2.3.1\jaxb-api-2.3.1.jar;C:\Users\moig1\.m2\repository\org\glassfish\jaxb\jaxb-runtime\2.3.1\jaxb-runtime-2.3.1.jar;C:\Users\moig1\.m2\repository\org\glassfish\jaxb\txw2\2.3.1\txw2-2.3.1.jar;C:\Users\moig1\.m2\repository\com\sun\istack\istack-commons-runtime\3.0.7\istack-commons-runtime-3.0.7.jar;C:\Users\moig1\.m2\repository\org\jvnet\staxex\stax-ex\1.8\stax-ex-1.8.jar;C:\Users\moig1\.m2\repository\com\sun\xml\fastinfoset\FastInfoset\1.2.15\FastInfoset-1.2.15.jar
Launcher Type: SUN_STANDARD

[Global flags]
     intx CICompilerCount                          = 3                                         {product} {ergonomic}
     uint ConcGCThreads                            = 1                                         {product} {ergonomic}
     uint G1ConcRefinementThreads                  = 4                                         {product} {ergonomic}
   size_t G1HeapRegionSize                         = 1048576                                   {product} {ergonomic}
    uintx GCDrainStackTargetSize                   = 64                                        {product} {ergonomic}
   size_t InitialHeapSize                          = 58720256                                  {product} {ergonomic}
   size_t MarkStackSize                            = 4194304                                   {product} {ergonomic}
   size_t MaxHeapSize                              = 918552576                                 {product} {ergonomic}
   size_t MinHeapDeltaBytes                        = 1048576                                   {product} {ergonomic}
   size_t MinHeapSize                              = 8388608                                   {product} {ergonomic}
    uintx NonNMethodCodeHeapSize                   = 5832780                                {pd product} {ergonomic}
    uintx NonProfiledCodeHeapSize                  = 122912730                              {pd product} {ergonomic}
    uintx ProfiledCodeHeapSize                     = 122912730                              {pd product} {ergonomic}
    uintx ReservedCodeCacheSize                    = 251658240                              {pd product} {ergonomic}
     bool SegmentedCodeCache                       = true                                      {product} {ergonomic}
   size_t SoftMaxHeapSize                          = 918552576                              {manageable} {ergonomic}
     bool UseCompressedClassPointers               = true                                 {lp64_product} {ergonomic}
     bool UseCompressedOops                        = true                                 {lp64_product} {ergonomic}
     bool UseG1GC                                  = true                                      {product} {ergonomic}
     bool UseLargePagesIndividualAllocation        = false                                  {pd product} {ergonomic}

Logging:
Log output configuration:
 #0: stdout all=warning uptime,level,tags
 #1: stderr all=off uptime,level,tags

Environment Variables:
JAVA_HOME=C:\Program Files\Java\jdk-13.0.2
PATH=C:\Program Files\Common Files\Oracle\Java\javapath;C:\Program Files (x86)\NVIDIA Corporation\PhysX\Common;C:\WINDOWS\system32;C:\WINDOWS;C:\WINDOWS\System32\Wbem;C:\WINDOWS\System32\WindowsPowerShell\v1.0\;C:\WINDOWS\System32\OpenSSH\;C:\Program Files\Microsoft SQL Server\150\Tools\Binn\;C:\Program Files\Microsoft SQL Server\Client SDK\ODBC\170\Tools\Binn\;C:\Program Files\dotnet\;C:\Program Files (x86)\Microsoft SQL Server\150\Tools\Binn\;C:\Program Files\Microsoft SQL Server\150\DTS\Binn\;C:\Program Files (x86)\Microsoft SQL Server\150\DTS\Binn\;C:\Program Files\Azure Data Studio\bin;C:\Users\moig1\AppData\Local\Microsoft\WindowsApps;C:\Program Files\Azure Data Studio\bin;C:\Users\moig1\AppData\Local\Programs\Microsoft VS Code\bin;C:\Users\moig1\AppData\Local\GitHubDesktop\bin;C:\Users\moig1\.dotnet\tools
USERNAME=moig1
OS=Windows_NT
PROCESSOR_IDENTIFIER=AMD64 Family 23 Model 24 Stepping 1, AuthenticAMD



---------------  S Y S T E M  ---------------

OS: Windows 10 , 64 bit Build 22000 (10.0.22000.434)

CPU:total 4 (initial active 4) (4 cores per cpu, 2 threads per core) family 23 model 24 stepping 1, cmov, cx8, fxsr, mmx, sse, sse2, sse3, ssse3, sse4.1, sse4.2, popcnt, avx, avx2, aes, clmul, mmxext, 3dnowpref, lzcnt, sse4a, ht, tsc, tscinvbit, tscinv, bmi1, bmi2, adx, sha, fma

Memory: 4k page, system-wide physical 3499M (202M free)
TotalPageFile size 14251M (AvailPageFile size 53M)
current process WorkingSet (physical memory assigned to process): 10M, peak: 10M
current process commit charge ("private bytes"): 51M, peak: 107M

vm_info: Java HotSpot(TM) 64-Bit Server VM (13.0.2+8) for windows-amd64 JRE (13.0.2+8), built on Dec 11 2019 09:20:33 by "mach5one" with unknown MS VC++:1916

END.
